SQL> SET ECHO ON
SQL> SET FEEDBACK ON
SQL> SET LINESIZE 100
SQL> SET PAGESIZE 200
SQL> SET SERVEROUTPUT ON
SQL> create or replace procedure TotalNumOfOrdersMade is
  2  previousOrder ORDERS.o_custkey%type  := -1;
  3  previousTotalPrice number := -1;
  4  nationname char(100);
  5  totalOrders number;
  6  totalPrice number;
  7  totalOrderKey number;
  8  begin
  9  	     nationname:= upper('&nationName');
 10  
 11  	     select max(count(*)) into totalOrders
 12  	     from customer
 13  	     left outer join nation
 14  	     on c_nationkey = n_nationkey
 15  	     left outer join orders
 16  	     on o_custkey = c_custkey
 17  	     where n_nationkey = (select n_nationkey from nation where n_name = nationname)
 18  	     group by o_custkey, c_name;
 19  
 20  for currentRow IN (
 21  	     select o_custkey, c_name, o_orderkey, o_orderdate, o_totalprice
 22  	     from customer
 23  	     left outer join nation
 24  	     on c_nationkey = n_nationkey
 25  	     left outer join orders
 26  	     on o_custkey = c_custkey
 27  	     where o_custkey in (select o_custkey
 28  		     from customer
 29  		     left outer join nation
 30  		     on c_nationkey = n_nationkey
 31  		     left outer join orders
 32  		     on o_custkey = c_custkey
 33  		     where n_nationkey = (select n_nationkey from nation where n_name = nationname)
 34  		     having count(*) = totalOrders
 35  		     group by o_custkey)
 36  	     order by o_custkey, o_orderkey
 37  )
 38  
 39  loop
 40  	     if previousOrder != currentRow.o_custkey then
 41  	      dbms_output.put_line( chr(10) );
 42  	      dbms_output.put_line('Customer key: ' || currentRow.o_custkey || ', '||currentRow.c_name);
 43  	     dbms_output.put_line('Total number of orders made: ' || totalOrders);
 44  	     dbms_output.put_line( chr(10) );
 45  	     dbms_output.put_line(chr(6)||lpad(trim('Order key'),12)||' '||lpad(trim('Order date'),10)|| ' ' ||lpad(trim('Order amount'),14));
 46  	     end if;
 47  	 --
 48  	 if currentRow.o_custkey is not null then
 49  	     dbms_output.put_line(chr(9)||lpad(trim(to_char(currentRow.o_orderkey)),12)||', '
 50  		     ||lpad(trim(to_char(currentRow.o_orderdate, 'DD-MM-YYYY')),12)||', '||rpad(trim(to_char(currentRow.o_totalprice,'$999G999G999D99')),14));
 51  	 end if;
 52  	 select sum(o_totalprice) INTO totalPrice
 53  	 from orders
 54  	 where o_custkey = currentRow.o_custkey;
 55  
 56  	     select max(o_orderkey) INTO totalOrderKey
 57  	     from orders
 58  	     where o_custkey = currentRow.o_custkey;
 59  
 60  	     if currentRow.o_orderkey = totalOrderKey then
 61  	     dbms_output.put_line(chr(8)||lpad(trim('Total order amount:'),24) || lpad(trim(to_char(totalPrice,'$999G999G999D99')),16));
 62  	     end if;
 63  	 --
 64  	 previousTotalPrice := totalPrice;
 65  	 previousOrder := currentRow.o_custkey;
 66    end loop;
 67  	 dbms_output.put_line(null);
 68  end;
 69  /
Enter value for nationname: china
old   9: 	nationname:= upper('&nationName');
new   9: 	nationname:= upper('china');

Procedure created.

SQL> show error
No errors.
SQL> exec TotalNumOfOrdersMade;

                                                 
Customer key: 6745, Customer#000006745            
Total number of orders made: 33                   

                                                 
   Order key Order date   Order amount           
	       57092,   02-05-1993, $115,109.85          
	      127745,   03-03-1993, $37,455.13           
	      231142,   01-08-1994, $143,399.55          
	      249600,   18-12-1994, $95,936.61           
	      251712,   11-04-1997, $92,074.43           
	      268322,   01-08-1996, $232,737.36          
	      275591,   20-01-1998, $127,975.27          
	      303364,   05-08-1997, $171,623.70          
	      332932,   14-12-1992, $120,153.30          
	      335363,   04-10-1992, $119,202.53          
	      402593,   27-05-1994, $81,549.75           
	      422881,   16-08-1997, $83,703.62           
	      447428,   02-08-1997, $154,502.67          
	      450119,   14-01-1994, $198,730.51          
	      477027,   26-01-1997, $125,974.62          
	      493731,   14-09-1997, $230,883.10          
	      518695,   27-08-1995, $150,625.98          
	      528000,   17-05-1997, $117,289.68          
	      640161,   14-07-1994, $153,853.47          
	      650247,   06-06-1998, $55,327.56           
	      688134,   05-10-1996, $56,012.56           
	      839463,   29-11-1993, $267,659.99          
	      905700,   10-01-1992, $354,849.22          
	      981699,   02-07-1993, $174,903.36          
	      991591,   11-04-1993, $66,109.85           
	     1177796,   20-07-1997, $244,462.49          
	     1187936,   24-03-1995, $2,622.27            
	     1510466,   12-04-1994, $150,769.50          
	     1551328,   15-12-1993, $105,257.07          
	     1590017,   24-01-1996, $96,769.73           
	     1756133,   27-08-1994, $290,800.68          
	     1770752,   10-12-1993, $329,544.51          
	     1778023,   23-07-1993, $137,299.46          
     Total order amount:   $4,885,169.38         

                                                 
Customer key: 36343, Customer#000036343           
Total number of orders made: 33                   

                                                 
   Order key Order date   Order amount           
	       73764,   29-07-1998, $251,350.54          
	      142119,   06-04-1995, $85,705.43           
	      207687,   01-10-1997, $121,832.00          
	      361286,   07-07-1993, $162,899.61          
	      455911,   27-12-1996, $89,021.33           
	      459968,   24-05-1996, $122,759.72          
	      469189,   05-04-1994, $68,410.10           
	      543553,   19-05-1996, $7,160.87            
	      547431,   24-02-1997, $95,629.70           
	      579013,   21-04-1993, $171,255.98          
	      755399,   30-01-1996, $260,444.95          
	      814246,   04-01-1998, $273,316.49          
	      852194,   19-07-1993, $210,217.06          
	      867748,   23-06-1993, $32,561.87           
	      871808,   25-12-1995, $216,665.55          
	      887045,   24-01-1995, $105,670.34          
	      888673,   09-07-1994, $85,809.02           
	     1014406,   15-05-1992, $251,312.53          
	     1054657,   24-09-1997, $3,552.68            
	     1074018,   07-02-1994, $64,887.99           
	     1089380,   10-11-1994, $80,492.99           
	     1175392,   19-12-1997, $99,484.16           
	     1242469,   30-06-1998, $159,819.75          
	     1287396,   12-06-1995, $170,112.85          
	     1341957,   07-01-1998, $223,858.72          
	     1345955,   20-09-1992, $139,626.48          
	     1380164,   15-12-1993, $224,382.21          
	     1527617,   01-09-1997, $228,696.56          
	     1633895,   18-05-1994, $140,485.51          
	     1669157,   10-03-1997, $204,629.57          
	     1680610,   06-04-1998, $46,715.12           
	     1716192,   30-03-1998, $237,051.15          
	     1778052,   19-04-1998, $249,389.92          
     Total order amount:   $4,885,208.75         

PL/SQL procedure successfully completed.

SQL> SPOOL OFF
